[debug] [2025-10-01T19:10:25.607Z] ----------------------------------------------------------------------
[debug] [2025-10-01T19:10:25.608Z] Command:       C:\Program Files\nodejs\node.exe C:\Users\johny\AppData\Roaming\npm\node_modules\firebase-tools\lib\bin\firebase.js auth:import usuarios_backup.json --project vidrioexpres1
[debug] [2025-10-01T19:10:25.608Z] CLI Version:   14.17.0
[debug] [2025-10-01T19:10:25.608Z] Platform:      win32
[debug] [2025-10-01T19:10:25.608Z] Node Version:  v22.20.0
[debug] [2025-10-01T19:10:25.608Z] Time:          Wed Oct 01 2025 14:10:25 GMT-0500 (hora estándar de Colombia)
[debug] [2025-10-01T19:10:25.609Z] ----------------------------------------------------------------------
[debug] 
[debug] [2025-10-01T19:10:25.702Z] > command requires scopes: ["email","openid","https://www.googleapis.com/auth/cloudplatformprojects.readonly","https://www.googleapis.com/auth/firebase","https://www.googleapis.com/auth/cloud-platform"]
[debug] [2025-10-01T19:10:25.702Z] > authorizing via signed-in user (dvidriosexito@gmail.com)
[debug] [2025-10-01T19:10:25.702Z] [iam] checking project vidrioexpres1 for permissions ["firebase.projects.get","firebaseauth.users.create","firebaseauth.users.update"]
[debug] [2025-10-01T19:10:25.702Z] Checked if tokens are valid: true, expires at: 1759348303836
[debug] [2025-10-01T19:10:25.703Z] Checked if tokens are valid: true, expires at: 1759348303836
[debug] [2025-10-01T19:10:25.703Z] >>> [apiv2][query] POST https://cloudresourcemanager.googleapis.com/v1/projects/vidrioexpres1:testIamPermissions [none]
[debug] [2025-10-01T19:10:25.703Z] >>> [apiv2][(partial)header] POST https://cloudresourcemanager.googleapis.com/v1/projects/vidrioexpres1:testIamPermissions x-goog-quota-user=projects/vidrioexpres1
[debug] [2025-10-01T19:10:25.703Z] >>> [apiv2][body] POST https://cloudresourcemanager.googleapis.com/v1/projects/vidrioexpres1:testIamPermissions {"permissions":["firebase.projects.get","firebaseauth.users.create","firebaseauth.users.update"]}
[debug] [2025-10-01T19:10:26.170Z] <<< [apiv2][status] POST https://cloudresourcemanager.googleapis.com/v1/projects/vidrioexpres1:testIamPermissions 200
[debug] [2025-10-01T19:10:26.170Z] <<< [apiv2][body] POST https://cloudresourcemanager.googleapis.com/v1/projects/vidrioexpres1:testIamPermissions {"permissions":["firebase.projects.get","firebaseauth.users.create","firebaseauth.users.update"]}
[warn] !  No hash algorithm specified. Password users cannot be imported. 
[debug] [2025-10-01T19:10:26.302Z] Error: ENOENT: no such file or directory, stat 'C:\Users\johny\OneDrive\Escritorio\VidriosExito\importacion\functions\usuarios_backup.json'
[error] 
[error] Error: An unexpected error has occurred.
