[debug] [2025-10-01T22:08:06.172Z] ----------------------------------------------------------------------
[debug] [2025-10-01T22:08:06.173Z] Command:       C:\Program Files\nodejs\node.exe C:\Users\johny\AppData\Roaming\npm\node_modules\firebase-tools\lib\bin\firebase.js deploy --only functions
[debug] [2025-10-01T22:08:06.174Z] CLI Version:   14.17.0
[debug] [2025-10-01T22:08:06.174Z] Platform:      win32
[debug] [2025-10-01T22:08:06.174Z] Node Version:  v22.20.0
[debug] [2025-10-01T22:08:06.174Z] Time:          Wed Oct 01 2025 17:08:06 GMT-0500 (hora estándar de Colombia)
[debug] [2025-10-01T22:08:06.174Z] ----------------------------------------------------------------------
[debug] 
[debug] [2025-10-01T22:08:06.274Z] > command requires scopes: ["email","openid","https://www.googleapis.com/auth/cloudplatformprojects.readonly","https://www.googleapis.com/auth/firebase","https://www.googleapis.com/auth/cloud-platform"]
[debug] [2025-10-01T22:08:06.274Z] > authorizing via signed-in user (dvidriosexito@gmail.com)
[debug] [2025-10-01T22:08:06.274Z] [iam] checking project vidrioexpres1 for permissions ["cloudfunctions.functions.create","cloudfunctions.functions.delete","cloudfunctions.functions.get","cloudfunctions.functions.list","cloudfunctions.functions.update","cloudfunctions.operations.get","firebase.projects.get"]
[debug] [2025-10-01T22:08:06.275Z] Checked if tokens are valid: true, expires at: 1759359663697
[debug] [2025-10-01T22:08:06.275Z] Checked if tokens are valid: true, expires at: 1759359663697
[debug] [2025-10-01T22:08:06.275Z] >>> [apiv2][query] POST https://cloudresourcemanager.googleapis.com/v1/projects/vidrioexpres1:testIamPermissions [none]
[debug] [2025-10-01T22:08:06.275Z] >>> [apiv2][(partial)header] POST https://cloudresourcemanager.googleapis.com/v1/projects/vidrioexpres1:testIamPermissions x-goog-quota-user=projects/vidrioexpres1
[debug] [2025-10-01T22:08:06.275Z] >>> [apiv2][body] POST https://cloudresourcemanager.googleapis.com/v1/projects/vidrioexpres1:testIamPermissions {"permissions":["cloudfunctions.functions.create","cloudfunctions.functions.delete","cloudfunctions.functions.get","cloudfunctions.functions.list","cloudfunctions.functions.update","cloudfunctions.operations.get","firebase.projects.get"]}
[debug] [2025-10-01T22:08:06.687Z] <<< [apiv2][status] POST https://cloudresourcemanager.googleapis.com/v1/projects/vidrioexpres1:testIamPermissions 200
[debug] [2025-10-01T22:08:06.687Z] <<< [apiv2][body] POST https://cloudresourcemanager.googleapis.com/v1/projects/vidrioexpres1:testIamPermissions {"permissions":["cloudfunctions.functions.create","cloudfunctions.functions.delete","cloudfunctions.functions.get","cloudfunctions.functions.list","cloudfunctions.functions.update","cloudfunctions.operations.get","firebase.projects.get"]}
[debug] [2025-10-01T22:08:06.688Z] Checked if tokens are valid: true, expires at: 1759359663697
[debug] [2025-10-01T22:08:06.688Z] Checked if tokens are valid: true, expires at: 1759359663697
[debug] [2025-10-01T22:08:06.688Z] >>> [apiv2][query] POST https://iam.googleapis.com/v1/projects/vidrioexpres1/serviceAccounts/vidrioexpres1@appspot.gserviceaccount.com:testIamPermissions [none]
[debug] [2025-10-01T22:08:06.688Z] >>> [apiv2][body] POST https://iam.googleapis.com/v1/projects/vidrioexpres1/serviceAccounts/vidrioexpres1@appspot.gserviceaccount.com:testIamPermissions {"permissions":["iam.serviceAccounts.actAs"]}
[debug] [2025-10-01T22:08:07.156Z] <<< [apiv2][status] POST https://iam.googleapis.com/v1/projects/vidrioexpres1/serviceAccounts/vidrioexpres1@appspot.gserviceaccount.com:testIamPermissions 200
[debug] [2025-10-01T22:08:07.156Z] <<< [apiv2][body] POST https://iam.googleapis.com/v1/projects/vidrioexpres1/serviceAccounts/vidrioexpres1@appspot.gserviceaccount.com:testIamPermissions {"permissions":["iam.serviceAccounts.actAs"]}
[info] 
[info] === Deploying to 'vidrioexpres1'...
[info] 
[info] i  deploying functions 
[debug] [2025-10-01T22:08:07.159Z] Checked if tokens are valid: true, expires at: 1759359663697
[debug] [2025-10-01T22:08:07.159Z] Checked if tokens are valid: true, expires at: 1759359663697
[debug] [2025-10-01T22:08:07.159Z] >>> [apiv2][query] GET https://cloudresourcemanager.googleapis.com/v1/projects/vidrioexpres1 [none]
[debug] [2025-10-01T22:08:07.294Z] <<< [apiv2][status] GET https://cloudresourcemanager.googleapis.com/v1/projects/vidrioexpres1 200
[debug] [2025-10-01T22:08:07.294Z] <<< [apiv2][body] GET https://cloudresourcemanager.googleapis.com/v1/projects/vidrioexpres1 {"projectNumber":"59380378063","projectId":"vidrioexpres1","lifecycleState":"ACTIVE","name":"vidrioexpress1","labels":{"firebase":"enabled","firebase-core":"disabled"},"createTime":"2025-10-01T14:28:37.980110Z"}
[info] i  functions: preparing codebase default for deployment 
[info] i  functions: ensuring required API cloudfunctions.googleapis.com is enabled... 
[info] i  functions: ensuring required API cloudbuild.googleapis.com is enabled... 
[info] i  artifactregistry: ensuring required API artifactregistry.googleapis.com is enabled... 
[debug] [2025-10-01T22:08:07.296Z] Checked if tokens are valid: true, expires at: 1759359663697
[debug] [2025-10-01T22:08:07.296Z] Checked if tokens are valid: true, expires at: 1759359663697
[debug] [2025-10-01T22:08:07.296Z] >>> [apiv2][query] GET https://firebase.googleapis.com/v1beta1/projects/vidrioexpres1/adminSdkConfig [none]
